
1월 07, 2020 09:48:57.20 NEW SESSION
1월 07, 2020 09:48:57.20 [6104:744:0107/094857.195:ERROR:shared_change_processor.cc(196)] Passwords datatype error was encountered: Change processor disconnected.
1월 07, 2020 09:50:57.94 [7308:2064:0107/095057.948:ERROR:connection_factory_impl.cc(418)] Failed to connect to MCS endpoint with error -118
1월 07, 2020 10:07:41.26 [7308:2064:0107/100741.260:ERROR:connection_factory_impl.cc(418)] Failed to connect to MCS endpoint with error -118
1월 07, 2020 11:43:01.67 [9108:10092:0107/114301.673:ERROR:connection_factory_impl.cc(418)] Failed to connect to MCS endpoint with error -118
1월 07, 2020 16:36:56.07 [0107/163656.078:ERROR:file_io.cc(89)] ReadExactly: expected 36, observed 0
1월 07, 2020 17:11:01.35 [9436:4428:0107/171101.350:ERROR:connection_factory_impl.cc(418)] Failed to connect to MCS endpoint with error -118
1월 07, 2020 17:19:30.36 [6884:9284:0107/171930.364:ERROR:connection_factory_impl.cc(418)] Failed to connect to MCS endpoint with error -118
1월 07, 2020 17:42:20.20 [9920:4232:0107/174220.204:ERROR:connection_factory_impl.cc(418)] Failed to connect to MCS endpoint with error -118

1월 08, 2020 09:01:57.51 NEW SESSION
1월 08, 2020 09:01:57.51 [6104:5588:0108/090157.509:ERROR:connection_factory_impl.cc(418)] Failed to connect to MCS endpoint with error -118
1월 08, 2020 09:03:10.47 [5552:6052:0108/090310.473:ERROR:shared_change_processor.cc(196)] Passwords datatype error was encountered: Change processor disconnected.
1월 08, 2020 09:03:58.14 [5564:9200:0108/090358.144:ERROR:shared_change_processor.cc(196)] Passwords datatype error was encountered: Change processor disconnected.
1월 08, 2020 09:04:10.09 [6432:7800:0108/090410.095:ERROR:shared_change_processor.cc(196)] Passwords datatype error was encountered: Change processor disconnected.
1월 08, 2020 09:05:06.69 [8824:8528:0108/090506.699:ERROR:shared_change_processor.cc(196)] Passwords datatype error was encountered: Change processor disconnected.
1월 08, 2020 09:06:26.56 [4512:8552:0108/090626.562:ERROR:shared_change_processor.cc(196)] Passwords datatype error was encountered: Change processor disconnected.
1월 08, 2020 09:07:10.32 [8788:3776:0108/090710.325:ERROR:shared_change_processor.cc(196)] Passwords datatype error was encountered: Change processor disconnected.
1월 08, 2020 09:07:42.29 [7144:6768:0108/090742.293:ERROR:shared_change_processor.cc(196)] Passwords datatype error was encountered: Change processor disconnected.
1월 08, 2020 09:08:04.47 [8856:8596:0108/090804.474:ERROR:shared_change_processor.cc(196)] Passwords datatype error was encountered: Change processor disconnected.
1월 08, 2020 09:08:40.81 [6784:8320:0108/090840.810:ERROR:shared_change_processor.cc(196)] Passwords datatype error was encountered: Change processor disconnected.
1월 08, 2020 09:08:48.43 [1236:3156:0108/090848.431:ERROR:shared_change_processor.cc(196)] Passwords datatype error was encountered: Change processor disconnected.
1월 08, 2020 09:09:00.60 [7400:3320:0108/090900.606:ERROR:shared_change_processor.cc(196)] Passwords datatype error was encountered: Change processor disconnected.
1월 08, 2020 09:10:19.22 [8780:9048:0108/091019.227:ERROR:connection_factory_impl.cc(418)] Failed to connect to MCS endpoint with error -118
1월 08, 2020 09:10:45.06 [8724:8040:0108/091045.062:ERROR:shared_change_processor.cc(196)] Passwords datatype error was encountered: Change processor disconnected.
1월 08, 2020 09:11:18.94 [5028:6216:0108/091118.943:ERROR:shared_change_processor.cc(196)] Passwords datatype error was encountered: Change processor disconnected.
1월 08, 2020 09:11:33.64 [3012:4508:0108/091133.642:ERROR:shared_change_processor.cc(196)] Passwords datatype error was encountered: Change processor disconnected.
1월 08, 2020 09:18:53.63 [1412:6620:0108/091853.638:ERROR:shared_change_processor.cc(196)] Passwords datatype error was encountered: Change processor disconnected.
1월 08, 2020 09:19:00.95 [4780:6012:0108/091900.952:ERROR:shared_change_processor.cc(196)] Passwords datatype error was encountered: Change processor disconnected.
1월 08, 2020 09:19:11.15 [6892:8852:0108/091911.150:ERROR:shared_change_processor.cc(196)] Passwords datatype error was encountered: Change processor disconnected.
1월 08, 2020 09:19:18.77 [3848:6040:0108/091918.769:ERROR:shared_change_processor.cc(196)] Passwords datatype error was encountered: Change processor disconnected.
1월 08, 2020 09:22:31.81 [1292:6968:0108/092231.818:ERROR:shared_change_processor.cc(196)] Passwords datatype error was encountered: Change processor disconnected.
1월 08, 2020 09:23:42.29 [8952:8864:0108/092342.298:ERROR:connection_factory_impl.cc(418)] Failed to connect to MCS endpoint with error -118
1월 08, 2020 09:34:45.63 [6764:2876:0108/093445.638:ERROR:connection_factory_impl.cc(418)] Failed to connect to MCS endpoint with error -118
1월 08, 2020 09:44:44.30 [7084:8596:0108/094444.302:ERROR:connection_factory_impl.cc(418)] Failed to connect to MCS endpoint with error -118
1월 08, 2020 10:05:48.83 [7084:8596:0108/100548.835:ERROR:connection_factory_impl.cc(418)] Failed to connect to MCS endpoint with error -118
1월 08, 2020 10:27:40.93 [6244:9168:0108/102740.931:ERROR:connection_factory_impl.cc(418)] Failed to connect to MCS endpoint with error -118
1월 08, 2020 10:50:50.79 [1796:9452:0108/105050.791:ERROR:connection_factory_impl.cc(418)] Failed to connect to MCS endpoint with error -118
1월 08, 2020 10:59:00.91 [10196:5708:0108/105900.914:ERROR:connection_factory_impl.cc(418)] Failed to connect to MCS endpoint with error -118
1월 08, 2020 13:25:10.25 [3584:1488:0108/132510.259:ERROR:connection_factory_impl.cc(418)] Failed to connect to MCS endpoint with error -118
1월 08, 2020 13:29:32.56 [4036:1656:0108/132932.562:ERROR:connection_factory_impl.cc(418)] Failed to connect to MCS endpoint with error -118
1월 08, 2020 13:43:45.37 [2388:8268:0108/134345.371:ERROR:connection_factory_impl.cc(418)] Failed to connect to MCS endpoint with error -118
1월 08, 2020 13:51:30.08 [9244:10156:0108/135130.088:ERROR:connection_factory_impl.cc(418)] Failed to connect to MCS endpoint with error -118
1월 08, 2020 14:17:55.89 [9672:8828:0108/141755.897:ERROR:connection_factory_impl.cc(418)] Failed to connect to MCS endpoint with error -118
1월 08, 2020 14:52:14.12 [8360:1536:0108/145214.124:ERROR:connection_factory_impl.cc(418)] Failed to connect to MCS endpoint with error -118
1월 08, 2020 15:03:09.20 [7580:7084:0108/150309.204:ERROR:connection_factory_impl.cc(418)] Failed to connect to MCS endpoint with error -118
1월 08, 2020 15:21:44.46 [9412:10896:0108/152144.465:ERROR:connection_factory_impl.cc(418)] Failed to connect to MCS endpoint with error -118
1월 08, 2020 15:24:49.89 [7264:8640:0108/152449.898:ERROR:connection_factory_impl.cc(418)] Failed to connect to MCS endpoint with error -118
1월 08, 2020 15:47:16.77 [632:10932:0108/154716.775:ERROR:shared_change_processor.cc(196)] Passwords datatype error was encountered: Change processor disconnected.
1월 08, 2020 15:48:16.64 [9872:9648:0108/154816.646:ERROR:connection_factory_impl.cc(418)] Failed to connect to MCS endpoint with error -118
1월 08, 2020 16:21:47.46 [9816:6328:0108/162147.460:ERROR:shared_change_processor.cc(196)] Passwords datatype error was encountered: Change processor disconnected.
1월 08, 2020 16:27:49.69 [10360:9532:0108/162749.696:ERROR:connection_factory_impl.cc(418)] Failed to connect to MCS endpoint with error -118
1월 08, 2020 18:33:26.22 [6328:10028:0108/183326.223:ERROR:connection_factory_impl.cc(418)] Failed to connect to MCS endpoint with error -118
1월 08, 2020 18:48:48.56 [7880:10656:0108/184848.567:ERROR:connection_factory_impl.cc(418)] Failed to connect to MCS endpoint with error -118
1월 08, 2020 19:25:33.45 [4444:8612:0108/192533.458:ERROR:connection_factory_impl.cc(418)] Failed to connect to MCS endpoint with error -118
1월 08, 2020 19:54:30.52 [10536:1608:0108/195430.529:ERROR:shared_change_processor.cc(196)] Passwords datatype error was encountered: Change processor disconnected.
1월 08, 2020 19:55:02.11 [10512:11024:0108/195502.117:ERROR:connection_factory_impl.cc(418)] Failed to connect to MCS endpoint with error -118

1월 09, 2020 09:22:35.78 NEW SESSION
1월 09, 2020 09:22:35.78 [7184:92:0109/092235.785:ERROR:connection_factory_impl.cc(418)] Failed to connect to MCS endpoint with error -118
1월 09, 2020 09:35:03.15 [1900:3676:0109/093503.155:ERROR:connection_factory_impl.cc(418)] Failed to connect to MCS endpoint with error -118
1월 09, 2020 09:45:16.53 [1212:916:0109/094516.536:ERROR:connection_factory_impl.cc(418)] Failed to connect to MCS endpoint with error -118
1월 09, 2020 10:03:07.84 [1212:916:0109/100307.848:ERROR:connection_factory_impl.cc(418)] Failed to connect to MCS endpoint with error -118
1월 09, 2020 10:19:54.13 [656:6600:0109/101954.132:ERROR:connection_factory_impl.cc(418)] Failed to connect to MCS endpoint with error -118
1월 09, 2020 10:21:07.92 [7284:1204:0109/102107.922:ERROR:shared_change_processor.cc(196)] Passwords datatype error was encountered: Change processor disconnected.
1월 09, 2020 10:21:28.05 [2412:7468:0109/102128.058:ERROR:shared_change_processor.cc(196)] Passwords datatype error was encountered: Change processor disconnected.
1월 09, 2020 11:20:50.26 [6124:7912:0109/112050.268:ERROR:connection_factory_impl.cc(418)] Failed to connect to MCS endpoint with error -118
1월 09, 2020 11:28:25.28 [5240:6220:0109/112825.285:ERROR:connection_factory_impl.cc(418)] Failed to connect to MCS endpoint with error -118
1월 09, 2020 13:16:08.29 [6456:9836:0109/131608.296:ERROR:shared_change_processor.cc(196)] Passwords datatype error was encountered: Change processor disconnected.
1월 09, 2020 13:16:47.06 [7876:6696:0109/131647.066:ERROR:shared_change_processor.cc(196)] Passwords datatype error was encountered: Change processor disconnected.
1월 09, 2020 13:20:30.55 [8032:3940:0109/132030.558:ERROR:shared_change_processor.cc(196)] Passwords datatype error was encountered: Change processor disconnected.
1월 09, 2020 13:26:54.64 [7308:8928:0109/132654.644:ERROR:shared_change_processor.cc(196)] Passwords datatype error was encountered: Change processor disconnected.
1월 09, 2020 13:32:35.73 [5832:3800:0109/133235.735:ERROR:connection_factory_impl.cc(418)] Failed to connect to MCS endpoint with error -118
1월 09, 2020 13:48:36.55 [10060:8200:0109/134836.557:ERROR:connection_factory_impl.cc(418)] Failed to connect to MCS endpoint with error -118
1월 09, 2020 14:29:03.45 [3604:9176:0109/142903.451:ERROR:connection_factory_impl.cc(418)] Failed to connect to MCS endpoint with error -118
1월 09, 2020 14:29:59.89 [7572:4184:0109/142959.891:ERROR:connection_factory_impl.cc(418)] Failed to connect to MCS endpoint with error -118
1월 09, 2020 14:31:28.26 [3484:8240:0109/143128.262:ERROR:connection_factory_impl.cc(418)] Failed to connect to MCS endpoint with error -118
1월 09, 2020 14:43:30.19 [6752:6884:0109/144330.195:ERROR:shared_change_processor.cc(196)] Passwords datatype error was encountered: Change processor disconnected.
1월 09, 2020 14:45:07.47 [9928:1372:0109/144507.476:ERROR:connection_factory_impl.cc(418)] Failed to connect to MCS endpoint with error -118
1월 09, 2020 14:53:29.86 [8480:4804:0109/145329.860:ERROR:shared_change_processor.cc(196)] Passwords datatype error was encountered: Change processor disconnected.
1월 09, 2020 15:07:12.93 [6712:4052:0109/150712.933:ERROR:shared_change_processor.cc(196)] Passwords datatype error was encountered: Change processor disconnected.
1월 09, 2020 15:07:44.20 [9644:10152:0109/150744.201:ERROR:connection_factory_impl.cc(418)] Failed to connect to MCS endpoint with error -118
1월 09, 2020 15:08:27.27 [140:9656:0109/150827.272:ERROR:shared_change_processor.cc(196)] Passwords datatype error was encountered: Change processor disconnected.
1월 09, 2020 15:12:41.02 [1940:5004:0109/151241.029:ERROR:shared_change_processor.cc(196)] Passwords datatype error was encountered: Change processor disconnected.
1월 09, 2020 15:15:48.16 [9412:6456:0109/151548.166:ERROR:shared_change_processor.cc(196)] Passwords datatype error was encountered: Change processor disconnected.
1월 09, 2020 15:16:35.71 [9904:2020:0109/151635.717:ERROR:shared_change_processor.cc(196)] Passwords datatype error was encountered: Change processor disconnected.
1월 09, 2020 15:17:19.72 [10220:3496:0109/151719.729:ERROR:shared_change_processor.cc(196)] Passwords datatype error was encountered: Change processor disconnected.
1월 09, 2020 15:49:04.51 [596:1116:0109/154904.516:ERROR:connection_factory_impl.cc(418)] Failed to connect to MCS endpoint with error -118
1월 09, 2020 15:52:50.29 [92:8980:0109/155250.290:ERROR:shared_change_processor.cc(196)] Passwords datatype error was encountered: Change processor disconnected.
1월 09, 2020 15:53:21.99 [1484:8904:0109/155321.999:ERROR:connection_factory_impl.cc(418)] Failed to connect to MCS endpoint with error -118
1월 09, 2020 15:55:24.34 [6160:9740:0109/155524.344:ERROR:shared_change_processor.cc(196)] Passwords datatype error was encountered: Change processor disconnected.
1월 09, 2020 15:55:47.60 [1652:4764:0109/155547.607:ERROR:shared_change_processor.cc(196)] Passwords datatype error was encountered: Change processor disconnected.
1월 09, 2020 15:56:25.36 [3472:6388:0109/155625.368:ERROR:connection_factory_impl.cc(418)] Failed to connect to MCS endpoint with error -118
1월 09, 2020 16:10:40.10 [2028:8200:0109/161040.106:ERROR:connection_factory_impl.cc(418)] Failed to connect to MCS endpoint with error -118
1월 09, 2020 16:46:23.85 [6376:8032:0109/164623.859:ERROR:shared_change_processor.cc(196)] Passwords datatype error was encountered: Change processor disconnected.
1월 09, 2020 16:48:38.38 [8764:8692:0109/164838.381:ERROR:shared_change_processor.cc(196)] Passwords datatype error was encountered: Change processor disconnected.
1월 09, 2020 16:49:21.86 [8992:10232:0109/164921.861:ERROR:shared_change_processor.cc(196)] Passwords datatype error was encountered: Change processor disconnected.
1월 09, 2020 16:52:21.22 [10080:960:0109/165221.220:ERROR:connection_factory_impl.cc(418)] Failed to connect to MCS endpoint with error -118
1월 09, 2020 16:53:30.49 [9644:6884:0109/165330.492:ERROR:shared_change_processor.cc(196)] Passwords datatype error was encountered: Change processor disconnected.
1월 09, 2020 16:53:46.66 [1720:7784:0109/165346.662:ERROR:shared_change_processor.cc(196)] Passwords datatype error was encountered: Change processor disconnected.
1월 09, 2020 16:54:44.14 [7380:9964:0109/165444.140:ERROR:shared_change_processor.cc(196)] Passwords datatype error was encountered: Change processor disconnected.
1월 09, 2020 16:56:04.23 [7708:8200:0109/165604.232:ERROR:shared_change_processor.cc(196)] Passwords datatype error was encountered: Change processor disconnected.
1월 09, 2020 16:56:57.03 [8776:2060:0109/165657.038:ERROR:shared_change_processor.cc(196)] Passwords datatype error was encountered: Change processor disconnected.
1월 09, 2020 16:57:34.66 [7548:2872:0109/165734.666:ERROR:connection_factory_impl.cc(418)] Failed to connect to MCS endpoint with error -118
1월 09, 2020 16:57:58.47 [9532:6196:0109/165758.470:ERROR:shared_change_processor.cc(196)] Passwords datatype error was encountered: Change processor disconnected.
1월 09, 2020 16:58:20.88 [2316:6356:0109/165820.889:ERROR:shared_change_processor.cc(196)] Passwords datatype error was encountered: Change processor disconnected.
1월 09, 2020 16:58:32.20 [8744:6936:0109/165832.201:ERROR:shared_change_processor.cc(196)] Passwords datatype error was encountered: Change processor disconnected.
1월 09, 2020 17:00:53.06 [8648:2688:0109/170053.061:ERROR:shared_change_processor.cc(196)] Passwords datatype error was encountered: Change processor disconnected.
1월 09, 2020 17:02:19.15 [5836:4844:0109/170219.153:ERROR:shared_change_processor.cc(196)] Passwords datatype error was encountered: Change processor disconnected.
1월 09, 2020 17:02:43.98 [1772:4428:0109/170243.982:ERROR:shared_change_processor.cc(196)] Passwords datatype error was encountered: Change processor disconnected.
1월 09, 2020 17:03:09.38 [1508:2788:0109/170309.383:ERROR:shared_change_processor.cc(196)] Passwords datatype error was encountered: Change processor disconnected.
1월 09, 2020 17:03:53.62 [8628:8516:0109/170353.622:ERROR:shared_change_processor.cc(196)] Passwords datatype error was encountered: Change processor disconnected.
1월 09, 2020 17:05:06.02 [8596:5648:0109/170506.024:ERROR:shared_change_processor.cc(196)] Passwords datatype error was encountered: Change processor disconnected.
1월 09, 2020 17:06:10.29 [3672:9372:0109/170610.294:ERROR:connection_factory_impl.cc(418)] Failed to connect to MCS endpoint with error -118
1월 09, 2020 17:11:52.98 [9184:4052:0109/171152.982:ERROR:shared_change_processor.cc(196)] Passwords datatype error was encountered: Change processor disconnected.
1월 09, 2020 17:12:24.97 [8916:3464:0109/171224.975:ERROR:connection_factory_impl.cc(418)] Failed to connect to MCS endpoint with error -118
1월 09, 2020 17:25:40.63 [672:5116:0109/172540.633:ERROR:connection_factory_impl.cc(418)] Failed to connect to MCS endpoint with error -118
1월 09, 2020 17:34:24.67 [4128:1304:0109/173424.677:ERROR:connection_factory_impl.cc(418)] Failed to connect to MCS endpoint with error -118
1월 09, 2020 17:35:58.02 [4128:8680:0109/173558.022:ERROR:page_load_metrics_update_dispatcher.cc(165)] Invalid first_paint 0.18 s for first_image_paint 0.15 s
1월 09, 2020 17:35:59.52 [4128:8680:0109/173559.527:ERROR:page_load_metrics_update_dispatcher.cc(165)] Invalid first_paint 0.18 s for first_image_paint 0.15 s
1월 09, 2020 17:36:03.07 [4128:8680:0109/173603.076:ERROR:page_load_metrics_update_dispatcher.cc(165)] Invalid first_paint 0.18 s for first_image_paint 0.15 s
1월 09, 2020 17:36:09.76 [4128:8680:0109/173609.762:ERROR:page_load_metrics_update_dispatcher.cc(165)] Invalid first_paint 0.217 s for first_image_paint 0.17 s
1월 09, 2020 17:36:11.18 [4128:8680:0109/173611.179:ERROR:page_load_metrics_update_dispatcher.cc(165)] Invalid first_paint 0.217 s for first_image_paint 0.17 s
1월 09, 2020 17:36:14.85 [4128:8680:0109/173614.850:ERROR:page_load_metrics_update_dispatcher.cc(165)] Invalid first_paint 0.217 s for first_image_paint 0.17 s
1월 09, 2020 17:36:35.79 [4128:8680:0109/173635.798:ERROR:page_load_metrics_update_dispatcher.cc(165)] Invalid first_paint 0.191 s for first_image_paint 0.145 s
1월 09, 2020 17:36:37.25 [4128:8680:0109/173637.257:ERROR:page_load_metrics_update_dispatcher.cc(165)] Invalid first_paint 0.191 s for first_image_paint 0.145 s
1월 09, 2020 17:36:40.86 [4128:8680:0109/173640.860:ERROR:page_load_metrics_update_dispatcher.cc(165)] Invalid first_paint 0.191 s for first_image_paint 0.145 s
1월 09, 2020 17:36:54.48 [4128:8680:0109/173654.488:ERROR:page_load_metrics_update_dispatcher.cc(165)] Invalid first_paint 0.209 s for first_image_paint 0.162 s
1월 09, 2020 17:36:55.89 [4128:8680:0109/173655.894:ERROR:page_load_metrics_update_dispatcher.cc(165)] Invalid first_paint 0.209 s for first_image_paint 0.162 s
1월 09, 2020 17:36:59.55 [4128:8680:0109/173659.550:ERROR:page_load_metrics_update_dispatcher.cc(165)] Invalid first_paint 0.209 s for first_image_paint 0.162 s
1월 09, 2020 17:37:01.03 [4128:8680:0109/173701.032:ERROR:page_load_metrics_update_dispatcher.cc(165)] Invalid first_paint 0.205 s for first_image_paint 0.158 s
1월 09, 2020 17:37:02.43 [4128:8680:0109/173702.431:ERROR:page_load_metrics_update_dispatcher.cc(165)] Invalid first_paint 0.205 s for first_image_paint 0.158 s
1월 09, 2020 17:37:06.10 [4128:8680:0109/173706.101:ERROR:page_load_metrics_update_dispatcher.cc(165)] Invalid first_paint 0.205 s for first_image_paint 0.158 s
1월 09, 2020 17:37:15.04 [4128:8680:0109/173715.043:ERROR:page_load_metrics_update_dispatcher.cc(165)] Invalid first_paint 0.223 s for first_image_paint 0.177 s
1월 09, 2020 17:37:16.50 [4128:8680:0109/173716.508:ERROR:page_load_metrics_update_dispatcher.cc(165)] Invalid first_paint 0.223 s for first_image_paint 0.177 s
1월 09, 2020 17:37:20.12 [4128:8680:0109/173720.127:ERROR:page_load_metrics_update_dispatcher.cc(165)] Invalid first_paint 0.223 s for first_image_paint 0.177 s
1월 09, 2020 17:37:22.54 [4128:8680:0109/173722.543:ERROR:page_load_metrics_update_dispatcher.cc(165)] Invalid first_paint 0.198 s for first_image_paint 0.151 s
1월 09, 2020 17:37:24.00 [4128:8680:0109/173724.001:ERROR:page_load_metrics_update_dispatcher.cc(165)] Invalid first_paint 0.198 s for first_image_paint 0.151 s
1월 09, 2020 17:37:27.61 [4128:8680:0109/173727.617:ERROR:page_load_metrics_update_dispatcher.cc(165)] Invalid first_paint 0.198 s for first_image_paint 0.151 s
1월 09, 2020 17:37:31.52 [4128:8680:0109/173731.526:ERROR:page_load_metrics_update_dispatcher.cc(165)] Invalid first_paint 0.202 s for first_image_paint 0.155 s
1월 09, 2020 17:37:32.91 [4128:8680:0109/173732.918:ERROR:page_load_metrics_update_dispatcher.cc(165)] Invalid first_paint 0.202 s for first_image_paint 0.155 s
1월 09, 2020 17:37:36.61 [4128:8680:0109/173736.615:ERROR:page_load_metrics_update_dispatcher.cc(165)] Invalid first_paint 0.202 s for first_image_paint 0.155 s
1월 09, 2020 17:37:37.73 [4128:8680:0109/173737.735:ERROR:page_load_metrics_update_dispatcher.cc(165)] Invalid first_paint 0.188 s for first_image_paint 0.158 s
1월 09, 2020 17:37:39.15 [4128:8680:0109/173739.154:ERROR:page_load_metrics_update_dispatcher.cc(165)] Invalid first_paint 0.188 s for first_image_paint 0.158 s
1월 09, 2020 17:37:42.78 [4128:8680:0109/173742.780:ERROR:page_load_metrics_update_dispatcher.cc(165)] Invalid first_paint 0.188 s for first_image_paint 0.158 s
1월 09, 2020 17:39:15.95 [4128:8680:0109/173915.951:ERROR:page_load_metrics_update_dispatcher.cc(165)] Invalid first_paint 0.22 s for first_image_paint 0.174 s
1월 09, 2020 17:39:17.50 [4128:8680:0109/173917.501:ERROR:page_load_metrics_update_dispatcher.cc(165)] Invalid first_paint 0.22 s for first_image_paint 0.174 s
1월 09, 2020 17:39:21.03 [4128:8680:0109/173921.038:ERROR:page_load_metrics_update_dispatcher.cc(165)] Invalid first_paint 0.22 s for first_image_paint 0.174 s
1월 09, 2020 17:39:28.44 [4128:8680:0109/173928.446:ERROR:page_load_metrics_update_dispatcher.cc(165)] Invalid first_paint 0.181 s for first_image_paint 0.151 s
1월 09, 2020 17:39:29.81 [4128:8680:0109/173929.813:ERROR:page_load_metrics_update_dispatcher.cc(165)] Invalid first_paint 0.181 s for first_image_paint 0.151 s
1월 09, 2020 17:39:33.51 [4128:8680:0109/173933.512:ERROR:page_load_metrics_update_dispatcher.cc(165)] Invalid first_paint 0.181 s for first_image_paint 0.151 s
1월 09, 2020 17:40:09.20 [4128:8680:0109/174009.201:ERROR:page_load_metrics_update_dispatcher.cc(165)] Invalid first_paint 0.181 s for first_image_paint 0.151 s
1월 09, 2020 17:40:10.43 [4128:8680:0109/174010.432:ERROR:page_load_metrics_update_dispatcher.cc(165)] Invalid first_paint 0.181 s for first_image_paint 0.151 s
1월 09, 2020 17:40:38.58 [4128:8680:0109/174038.588:ERROR:page_load_metrics_update_dispatcher.cc(165)] Invalid first_paint 0.218 s for first_image_paint 0.168 s
1월 09, 2020 17:40:40.24 [4128:8680:0109/174040.248:ERROR:page_load_metrics_update_dispatcher.cc(165)] Invalid first_paint 0.218 s for first_image_paint 0.168 s
1월 09, 2020 17:40:43.66 [4128:8680:0109/174043.668:ERROR:page_load_metrics_update_dispatcher.cc(165)] Invalid first_paint 0.218 s for first_image_paint 0.168 s
1월 09, 2020 17:40:46.51 [4128:8680:0109/174046.510:ERROR:page_load_metrics_update_dispatcher.cc(165)] Invalid first_paint 0.218 s for first_image_paint 0.168 s
1월 09, 2020 17:42:12.09 [4128:8680:0109/174212.093:ERROR:page_load_metrics_update_dispatcher.cc(165)] Invalid first_paint 0.218 s for first_image_paint 0.168 s
1월 09, 2020 17:42:45.52 [4128:8680:0109/174245.524:ERROR:page_load_metrics_update_dispatcher.cc(165)] Invalid first_paint 0.204 s for first_image_paint 0.158 s
1월 09, 2020 17:42:47.29 [4128:8680:0109/174247.297:ERROR:page_load_metrics_update_dispatcher.cc(165)] Invalid first_paint 0.204 s for first_image_paint 0.158 s
1월 09, 2020 17:42:50.58 [4128:8680:0109/174250.589:ERROR:page_load_metrics_update_dispatcher.cc(165)] Invalid first_paint 0.204 s for first_image_paint 0.158 s
1월 09, 2020 17:42:58.32 [4128:8680:0109/174258.321:ERROR:page_load_metrics_update_dispatcher.cc(165)] Invalid first_paint 0.196 s for first_image_paint 0.163 s
1월 09, 2020 17:42:59.93 [4128:8680:0109/174259.930:ERROR:page_load_metrics_update_dispatcher.cc(165)] Invalid first_paint 0.196 s for first_image_paint 0.163 s
1월 09, 2020 17:43:03.38 [4128:8680:0109/174303.380:ERROR:page_load_metrics_update_dispatcher.cc(165)] Invalid first_paint 0.196 s for first_image_paint 0.163 s
1월 09, 2020 17:43:07.98 [4128:8680:0109/174307.980:ERROR:page_load_metrics_update_dispatcher.cc(165)] Invalid first_paint 0.196 s for first_image_paint 0.163 s
1월 09, 2020 17:43:14.58 [4128:8680:0109/174314.587:ERROR:page_load_metrics_update_dispatcher.cc(165)] Invalid first_paint 0.196 s for first_image_paint 0.163 s
1월 09, 2020 17:43:31.53 [4128:8680:0109/174331.535:ERROR:page_load_metrics_update_dispatcher.cc(165)] Invalid first_paint 0.189 s for first_image_paint 0.159 s
1월 09, 2020 17:43:33.04 [4128:8680:0109/174333.043:ERROR:page_load_metrics_update_dispatcher.cc(165)] Invalid first_paint 0.189 s for first_image_paint 0.159 s
1월 09, 2020 17:43:36.56 [4128:8680:0109/174336.562:ERROR:page_load_metrics_update_dispatcher.cc(165)] Invalid first_paint 0.189 s for first_image_paint 0.159 s
1월 09, 2020 17:46:05.64 [9652:8376:0109/174605.641:ERROR:connection_factory_impl.cc(418)] Failed to connect to MCS endpoint with error -118

1월 10, 2020 10:49:39.95 NEW SESSION
1월 10, 2020 10:49:39.95 [4264:11672:0110/104939.944:ERROR:connection_factory_impl.cc(418)] Failed to connect to MCS endpoint with error -118
1월 10, 2020 11:04:34.61 [4264:4340:0110/110434.614:ERROR:page_load_metrics_update_dispatcher.cc(165)] Invalid first_paint 0.215 s for first_image_paint 0.165 s
1월 10, 2020 11:04:37.36 [4264:4340:0110/110437.362:ERROR:page_load_metrics_update_dispatcher.cc(165)] Invalid first_paint 0.215 s for first_image_paint 0.165 s
1월 10, 2020 11:04:39.73 [4264:4340:0110/110439.737:ERROR:page_load_metrics_update_dispatcher.cc(165)] Invalid first_paint 0.215 s for first_image_paint 0.165 s
1월 10, 2020 11:17:05.46 [1324:7392:0110/111705.464:ERROR:shared_change_processor.cc(196)] Passwords datatype error was encountered: Change processor disconnected.
1월 10, 2020 13:39:50.35 [12368:9816:0110/133950.354:ERROR:connection_factory_impl.cc(418)] Failed to connect to MCS endpoint with error -118

1월 14, 2020 17:17:45.82 NEW SESSION
1월 14, 2020 17:17:45.82 [9808:6024:0114/171745.810:ERROR:shared_change_processor.cc(196)] Passwords datatype error was encountered: Change processor disconnected.
1월 14, 2020 17:19:08.43 [5052:6344:0114/171908.433:ERROR:connection_factory_impl.cc(418)] Failed to connect to MCS endpoint with error -118
1월 14, 2020 17:29:09.71 [8412:5280:0114/172909.719:ERROR:shared_change_processor.cc(196)] Passwords datatype error was encountered: Change processor disconnected.

1월 15, 2020 15:22:33.18 NEW SESSION
1월 15, 2020 15:22:33.18 [4644:6112:0115/152233.189:ERROR:shared_change_processor.cc(196)] Passwords datatype error was encountered: Change processor disconnected.
1월 15, 2020 15:24:32.20 [3276:3680:0115/152432.209:ERROR:connection_factory_impl.cc(418)] Failed to connect to MCS endpoint with error -118
